<?xml version="1.0" encoding="UTF-8"?>
<!-- Generated by org.testng.reporters.JUnitReportReporter -->
<testsuite skipped="0" hostname="LT-5CG83051JD" name="com.nx.externalLinksVerify.ExternalLinkCheckTest" tests="8" failures="0" timestamp="2020-03-04T10:54:29 EST" time="66.977" errors="0">
  <testcase name="verifyNexWikiLink" time="8.181" classname="com.nx.externalLinksVerify.ExternalLinkCheckTest"/>
  <testcase name="verifySharepointLink" time="8.889" classname="com.nx.externalLinksVerify.ExternalLinkCheckTest"/>
  <testcase name="verifyBambooHrLink" time="8.353" classname="com.nx.externalLinksVerify.ExternalLinkCheckTest"/>
  <testcase name="verifyOffice365Link" time="8.309" classname="com.nx.externalLinksVerify.ExternalLinkCheckTest"/>
  <testcase name="verifySonarQubeLink" time="8.190" classname="com.nx.externalLinksVerify.ExternalLinkCheckTest"/>
  <testcase name="verifyJenkinsLink" time="8.440" classname="com.nx.externalLinksVerify.ExternalLinkCheckTest"/>
  <testcase name="verifyADPLink" time="8.269" classname="com.nx.externalLinksVerify.ExternalLinkCheckTest"/>
  <testcase name="verifyGitLabLink" time="8.346" classname="com.nx.externalLinksVerify.ExternalLinkCheckTest"/>
</testsuite> <!-- com.nx.externalLinksVerify.ExternalLinkCheckTest -->
