<?xml version="1.0" encoding="UTF-8"?>
<!-- Generated by org.testng.reporters.JUnitReportReporter -->
<testsuite skipped="0" hostname="LT-5CG83051JD" name="com.nx.eventVerify.EventCheckTest" tests="1" failures="0" timestamp="2020-03-04T10:48:43 EST" time="9.336" errors="0">
  <testcase name="checkingNoEventsListed" time="9.336" classname="com.nx.eventVerify.EventCheckTest"/>
</testsuite> <!-- com.nx.eventVerify.EventCheckTest -->
