<?xml version="1.0" encoding="UTF-8"?>
<!-- Generated by org.testng.reporters.JUnitReportReporter -->
<testsuite skipped="0" hostname="LT-5CG83051JD" name="com.nx.headerVerify.HeaderTest" tests="7" failures="0" timestamp="2020-03-04T10:51:20 EST" time="58.511" errors="0">
  <testcase name="checkClientsHeader" time="8.883" classname="com.nx.headerVerify.HeaderTest"/>
  <testcase name="checkEventsHeader" time="9.178" classname="com.nx.headerVerify.HeaderTest"/>
  <testcase name="checkTimesheetHeader" time="8.211" classname="com.nx.headerVerify.HeaderTest"/>
  <testcase name="checkLogoutHeader" time="8.309" classname="com.nx.headerVerify.HeaderTest"/>
  <testcase name="checkHomeHeader" time="8.259" classname="com.nx.headerVerify.HeaderTest"/>
  <testcase name="checkProfileHeader" time="7.799" classname="com.nx.headerVerify.HeaderTest"/>
  <testcase name="checkEmployeeSearchHeader" time="7.872" classname="com.nx.headerVerify.HeaderTest"/>
</testsuite> <!-- com.nx.headerVerify.HeaderTest -->
