<?xml version="1.0" encoding="UTF-8"?>
<!-- Generated by org.testng.reporters.JUnitReportReporter -->
<testsuite skipped="0" hostname="LT-5CG83051JD" name="com.nx.loginVerify.LoginTest" tests="2" failures="0" timestamp="2020-02-28T14:43:57 EST" time="16.621" errors="0">
  <testcase name="checkingLoginScreen" time="8.204" classname="com.nx.loginVerify.LoginTest"/>
  <testcase name="checkingLoginButton" time="8.417" classname="com.nx.loginVerify.LoginTest"/>
</testsuite> <!-- com.nx.loginVerify.LoginTest -->
