<?xml version="1.0" encoding="UTF-8"?>
<!-- Generated by org.testng.reporters.JUnitReportReporter -->
<testsuite skipped="0" hostname="LT-5CG83051JD" name="com.nx.holidayVerify.HolidayCheckTest" tests="5" failures="0" timestamp="2020-03-04T10:52:38 EST" time="44.235" errors="0">
  <testcase name="verifyChristmasDay" time="8.297" classname="com.nx.holidayVerify.HolidayCheckTest"/>
  <testcase name="verifyIndependenceDay" time="8.955" classname="com.nx.holidayVerify.HolidayCheckTest"/>
  <testcase name="verifyThanksgivingDay" time="9.145" classname="com.nx.holidayVerify.HolidayCheckTest"/>
  <testcase name="verifyMemorialDay" time="9.102" classname="com.nx.holidayVerify.HolidayCheckTest"/>
  <testcase name="verifyLaborDay" time="8.736" classname="com.nx.holidayVerify.HolidayCheckTest"/>
</testsuite> <!-- com.nx.holidayVerify.HolidayCheckTest -->
